<?xml version="1.0" encoding="UTF-8"?>
<testsuite xmlns:xsi="http://www.w3.org/2001/XMLSchema-instance" xsi:noNamespaceSchemaLocation="https://maven.apache.org/surefire/maven-surefire-plugin/xsd/surefire-test-report-3.0.xsd" version="3.0" name="lipid.ElutionOrderTest" time="3.286" tests="6" errors="0" skipped="0" failures="0">
  <properties>
[...]
</properties>
  <testcase name="testNegativeScoreForClassRTOrderViolation" classname="lipid.ElutionOrderTest" time="3.267">
    <system-out><![CDATA[2025-05-12 11:14:52,110 [main] INFO  Creating RuleUnit
2025-05-12 11:14:52,236 [main] WARN  File 'C:/Users/Usuario/Desktop/SOPORTE_DECISION/PRACTICES/practiceTemplate/template/target/classes/lipid/lipids.drl' is in folder 'C:/Users/Usuario/Desktop/SOPORTE_DECISION/PRACTICES/practiceTemplate/template/target/classes/lipid' but declares package 'lipid'. It is advised to have a correspondance between package and folder names.
2025-05-12 11:14:55,066 [main] INFO  Insert data
2025-05-12 11:14:55,074 [main] INFO  Run query. Rules are also fired
]]></system-out>
  </testcase>
  <testcase name="testNegativeScoreForIncorrectDoubleBondRTOrder" classname="lipid.ElutionOrderTest" time="0.004">
    <system-out><![CDATA[2025-05-12 11:14:55,109 [main] INFO  Creating RuleUnit
2025-05-12 11:14:55,110 [main] INFO  Insert data
2025-05-12 11:14:55,110 [main] INFO  Run query. Rules are also fired
]]></system-out>
  </testcase>
  <testcase name="testPositiveScoreForIncreasingCarbonCountWithRT" classname="lipid.ElutionOrderTest" time="0.003">
    <system-out><![CDATA[2025-05-12 11:14:55,113 [main] INFO  Creating RuleUnit
2025-05-12 11:14:55,113 [main] INFO  Insert data
2025-05-12 11:14:55,113 [main] INFO  Run query. Rules are also fired
]]></system-out>
  </testcase>
  <testcase name="testNegativeScoreForIncorrectCarbonCountRTOrder" classname="lipid.ElutionOrderTest" time="0.003">
    <system-out><![CDATA[2025-05-12 11:14:55,116 [main] INFO  Creating RuleUnit
2025-05-12 11:14:55,116 [main] INFO  Insert data
2025-05-12 11:14:55,117 [main] INFO  Run query. Rules are also fired
]]></system-out>
  </testcase>
  <testcase name="testPositiveScoreForMoreDoubleBondsWithLowerRT" classname="lipid.ElutionOrderTest" time="0.004">
    <system-out><![CDATA[2025-05-12 11:14:55,119 [main] INFO  Creating RuleUnit
2025-05-12 11:14:55,119 [main] INFO  Insert data
2025-05-12 11:14:55,119 [main] INFO  Run query. Rules are also fired
]]></system-out>
  </testcase>
  <testcase name="testPositiveScoreForClassBasedRTOrder" classname="lipid.ElutionOrderTest" time="0.001">
    <system-out><![CDATA[2025-05-12 11:14:55,123 [main] INFO  Creating RuleUnit
2025-05-12 11:14:55,123 [main] INFO  Insert data
2025-05-12 11:14:55,123 [main] INFO  Run query. Rules are also fired
]]></system-out>
  </testcase>
</testsuite>